[2013-06-27 22:26:47] :
.\student\r01725007\PD012\r01725007-PD012.cpp: In member function 'car owner::togetplate(std::string)':
.\student\r01725007\PD012\r01725007-PD012.cpp:232:35: error: 'plate' was not declared in this scope
.\student\r01725007\PD012\r01725007-PD012.cpp: In function 'int main()':
.\student\r01725007\PD012\r01725007-PD012.cpp:284:30: error: expected primary-expression before 'name_buyer'
.\student\r01725007\PD012\r01725007-PD012.cpp:350:13: error: 'Owners' was not declared in this scope
.\student\r01725007\PD012\r01725007-PD012.cpp:358:33: error: 'class owner' has no member named 'getcarlist'
.\student\r01725007\PD012\r01725007-PD012.cpp:360:19: error: 'class owner' has no member named 'getcarlist'
.\student\r01725007\PD012\r01725007-PD012.cpp:362:36: error: 'class owner' has no member named 'getcarlist'
.\student\r01725007\PD012\r01725007-PD012.cpp:410:33: error: no matching function for call to 'owner::printcarlist()'
.\student\r01725007\PD012\r01725007-PD012.cpp:410:33: note: candidate is:
.\student\r01725007\PD012\r01725007-PD012.cpp:220:6: note: car* owner::printcarlist(std::string)
.\student\r01725007\PD012\r01725007-PD012.cpp:220:6: note:   candidate expects 1 argument, 0 provided
.\student\r01725007\PD012\r01725007-PD012.cpp:412:43: error: no matching function for call to 'owner::printcarlist()'
.\student\r01725007\PD012\r01725007-PD012.cpp:412:43: note: candidate is:
.\student\r01725007\PD012\r01725007-PD012.cpp:220:6: note: car* owner::printcarlist(std::string)
.\student\r01725007\PD012\r01725007-PD012.cpp:220:6: note:   candidate expects 1 argument, 0 provided
.\student\r01725007\PD012\r01725007-PD012.cpp:413:49: error: no matching function for call to 'owner::printcarlist()'
.\student\r01725007\PD012\r01725007-PD012.cpp:413:49: note: candidate is:
.\student\r01725007\PD012\r01725007-PD012.cpp:220:6: note: car* owner::printcarlist(std::string)
.\student\r01725007\PD012\r01725007-PD012.cpp:220:6: note:   candidate expects 1 argument, 0 provided
[2013-06-28 01:10:59] :
.\student\r01725007\PD012\r01725007-PD012.cpp: In member function 'car owner::togetplate(std::string)':
.\student\r01725007\PD012\r01725007-PD012.cpp:232:35: error: 'plate' was not declared in this scope
.\student\r01725007\PD012\r01725007-PD012.cpp: In function 'int main()':
.\student\r01725007\PD012\r01725007-PD012.cpp:284:30: error: expected primary-expression before 'name_buyer'
.\student\r01725007\PD012\r01725007-PD012.cpp:350:13: error: 'Owners' was not declared in this scope
.\student\r01725007\PD012\r01725007-PD012.cpp:358:33: error: 'class owner' has no member named 'getcarlist'
.\student\r01725007\PD012\r01725007-PD012.cpp:360:19: error: 'class owner' has no member named 'getcarlist'
.\student\r01725007\PD012\r01725007-PD012.cpp:362:36: error: 'class owner' has no member named 'getcarlist'
.\student\r01725007\PD012\r01725007-PD012.cpp:410:33: error: no matching function for call to 'owner::printcarlist()'
.\student\r01725007\PD012\r01725007-PD012.cpp:410:33: note: candidate is:
.\student\r01725007\PD012\r01725007-PD012.cpp:220:6: note: car* owner::printcarlist(std::string)
.\student\r01725007\PD012\r01725007-PD012.cpp:220:6: note:   candidate expects 1 argument, 0 provided
.\student\r01725007\PD012\r01725007-PD012.cpp:412:43: error: no matching function for call to 'owner::printcarlist()'
.\student\r01725007\PD012\r01725007-PD012.cpp:412:43: note: candidate is:
.\student\r01725007\PD012\r01725007-PD012.cpp:220:6: note: car* owner::printcarlist(std::string)
.\student\r01725007\PD012\r01725007-PD012.cpp:220:6: note:   candidate expects 1 argument, 0 provided
.\student\r01725007\PD012\r01725007-PD012.cpp:413:49: error: no matching function for call to 'owner::printcarlist()'
.\student\r01725007\PD012\r01725007-PD012.cpp:413:49: note: candidate is:
.\student\r01725007\PD012\r01725007-PD012.cpp:220:6: note: car* owner::printcarlist(std::string)
.\student\r01725007\PD012\r01725007-PD012.cpp:220:6: note:   candidate expects 1 argument, 0 provided
